<?xml version="1.0" encoding="UTF-8"?>
<!-- Generated by org.testng.reporters.JUnitReportReporter -->
<testsuite skipped="0" hostname="LAPTOP-GSN6DV37" name="TestNgPackage.AssertTest" tests="2" failures="0" timestamp="16 Jun 2017 11:50:49 GMT" time="0.033" errors="0">
  <testcase name="hardass" time="0.027" classname="TestNgPackage.AssertTest"/>
  <testcase name="softAssert" time="0.006" classname="TestNgPackage.AssertTest"/>
</testsuite> <!-- TestNgPackage.AssertTest -->
