<?xml version="1.0" encoding="UTF-8"?>
<!-- Generated by org.testng.reporters.JUnitReportReporter -->
<testsuite skipped="0" hostname="LAPTOP-GSN6DV37" name="TestNgPackage.NewTest" tests="1" failures="0" timestamp="16 Jun 2017 11:50:49 GMT" time="8.054" errors="0">
  <testcase name="f" time="8.054" classname="TestNgPackage.NewTest"/>
</testsuite> <!-- TestNgPackage.NewTest -->
